<?xml version="1.0" encoding="UTF-8"?>
<!-- Generated by org.testng.reporters.JUnitReportReporter -->
<testsuite skipped="0" hostname="Amar" name="pac.SAmple1" tests="1" failures="0" timestamp="14 Aug 2020 05:47:41 GMT" time="0.050" errors="0">
  <testcase name="reverse" time="0.050" classname="pac.SAmple1"/>
</testsuite> <!-- pac.SAmple1 -->
